C51 COMPILER V9.00   USART1                                                                06/01/2016 15:51:20 PAGE 1   


C51 COMPILER V9.00, COMPILATION OF MODULE USART1
OBJECT MODULE PLACED IN .\list\USART1.obj
COMPILER INVOKED BY: C:\Keil\C51\BIN\C51.EXE USART1.C LARGE BROWSE DEBUG OBJECTEXTEND PRINT(.\list\USART1.lst) OBJECT(.\
                    -list\USART1.obj)

line level    source

   1          
   2          
   3          
   4          #include "USART1.h"
   5          
   6          
   7          
   8          /*************  串口1初始化函数 *****************/
   9          void    UART_config(void)
  10          {
  11   1              COMx_InitDefine         COMx_InitStructure;                                     //结构定义
  12   1              COMx_InitStructure.UART_Mode      = UART_8bit_BRTx;             //模式,       UART_ShiftRight,UART_8bit_BRTx,UART_9b
             -it,UART_9bit_BRTx
  13   1              COMx_InitStructure.UART_BRT_Use   = BRT_Timer2;                 //使用波特率,   BRT_Timer1, BRT_Timer2 (注意: 串口2固定
             -使用BRT_Timer2)
  14   1              COMx_InitStructure.UART_BaudRate  = 115200ul;                   //波特率, 一般 110 ~ 115200
  15   1              COMx_InitStructure.UART_RxEnable  = ENABLE;                             //接收允许,   ENABLE或DISABLE
  16   1              COMx_InitStructure.BaudRateDouble = DISABLE;                    //波特率加倍, ENABLE或DISABLE
  17   1              COMx_InitStructure.UART_Interrupt = ENABLE;                             //中断允许,   ENABLE或DISABLE
  18   1              COMx_InitStructure.UART_Polity    = PolityHigh;                 //中断优先级, PolityLow,PolityHigh
  19   1              COMx_InitStructure.UART_P_SW      = UART1_SW_P30_P31;   //切换端口,   UART1_SW_P30_P31,UART1_SW_P36_P37,UAR
             -T1_SW_P16_P17(必须使用内部时钟)
  20   1              COMx_InitStructure.UART_RXD_TXD_Short = DISABLE;                //内部短路RXD与TXD, 做中继, ENABLE,DISABLE
  21   1              USART_Configuration(USART1, &COMx_InitStructure);               //初始化串口1 USART1,USART2
  22   1      
  23   1              PrintString1("STC15F2K60S2 UART1 Test Prgramme!\r\n");  //SUART1发送一个字符串
  24   1      }


MODULE INFORMATION:   STATIC OVERLAYABLE
   CODE SIZE        =     57    ----
   CONSTANT SIZE    =     36    ----
   XDATA SIZE       =   ----      13
   PDATA SIZE       =   ----    ----
   DATA SIZE        =   ----    ----
   IDATA SIZE       =   ----    ----
   BIT SIZE         =   ----    ----
END OF MODULE INFORMATION.


C51 COMPILATION COMPLETE.  0 WARNING(S),  0 ERROR(S)
