C51 COMPILER V9.53.0.0   DELAY                                                             05/27/2016 20:24:53 PAGE 1   


C51 COMPILER V9.53.0.0, COMPILATION OF MODULE DELAY
OBJECT MODULE PLACED IN .\list\delay.obj
COMPILER INVOKED BY: C:\Keil_v5\C51\BIN\C51.EXE src\delay.c LARGE BROWSE DEBUG OBJECTEXTEND PRINT(.\list\delay.lst) OBJE
                    -CT(.\list\delay.obj)

line level    source

   1          
   2          #include <stdio.h>
   3          #include        "config.h"
   4          #include        "delay.h"
   5          
   6          
   7          void Delay1us()         //@24.000MHz
   8          {
   9   1              unsigned char i;
  10   1      
  11   1              _nop_();
  12   1              _nop_();
  13   1              i = 3;
  14   1              while (--i);
  15   1      }
  16          void delay_us(u16 us)           //@24.000MHz
  17          {
  18   1               do{
  19   2                   Delay1us();
  20   2           }while(--us);      
  21   1      }
  22          void Delay1ms()         //@24.000MHz
  23          {
  24   1              unsigned char i, j;
  25   1      
  26   1              i = 24;
  27   1              j = 85;
  28   1              do
  29   1              {
  30   2                      while (--j);
  31   2              } while (--i);
  32   1      }
  33          void delay_ms(u16 ms)           //@24.000MHz
  34          {
  35   1               do{
  36   2                   Delay1ms();
  37   2           }while(--ms);      
  38   1      }


MODULE INFORMATION:   STATIC OVERLAYABLE
   CODE SIZE        =     50    ----
   CONSTANT SIZE    =   ----    ----
   XDATA SIZE       =   ----    ----
   PDATA SIZE       =   ----    ----
   DATA SIZE        =   ----    ----
   IDATA SIZE       =   ----    ----
   BIT SIZE         =   ----    ----
END OF MODULE INFORMATION.


C51 COMPILATION COMPLETE.  0 WARNING(S),  0 ERROR(S)
